<?xml version="1.0" encoding="UTF-8"?>
<testsuite xmlns:xsi="http://www.w3.org/2001/XMLSchema-instance" xsi:noNamespaceSchemaLocation="https://maven.apache.org/surefire/maven-surefire-plugin/xsd/surefire-test-report.xsd" name="com.bezkoder.spring.data.mongodb.SpringBootDataMongodbApplicationTests" time="0.459" tests="1" errors="1" skipped="0" failures="0">
  <properties>
    <property name="gopherProxySet" value="false"/>
    <property name="awt.toolkit" value="sun.lwawt.macosx.LWCToolkit"/>
    <property name="file.encoding.pkg" value="sun.io"/>
    <property name="java.specification.version" value="1.8"/>
    <property name="sun.cpu.isalist" value=""/>
    <property name="sun.jnu.encoding" value="UTF-8"/>
    <property name="java.class.path" value="/Users/ankimitr/Documents/WORK/Practice/spring-boot-data-mongodb/target/test-classes:/Users/ankimitr/Documents/WORK/Practice/spring-boot-data-mongodb/target/classes:/Users/ankimitr/.m2/repository/org/springframework/boot/spring-boot-starter-data-mongodb/2.2.4.RELEASE/spring-boot-starter-data-mongodb-2.2.4.RELEASE.jar:/Users/ankimitr/.m2/repository/org/springframework/boot/spring-boot-starter/2.2.4.RELEASE/spring-boot-starter-2.2.4.RELEASE.jar:/Users/ankimitr/.m2/repository/org/springframework/boot/spring-boot/2.2.4.RELEASE/spring-boot-2.2.4.RELEASE.jar:/Users/ankimitr/.m2/repository/org/springframework/boot/spring-boot-autoconfigure/2.2.4.RELEASE/spring-boot-autoconfigure-2.2.4.RELEASE.jar:/Users/ankimitr/.m2/repository/org/springframework/boot/spring-boot-starter-logging/2.2.4.RELEASE/spring-boot-starter-logging-2.2.4.RELEASE.jar:/Users/ankimitr/.m2/repository/ch/qos/logback/logback-classic/1.2.3/logback-classic-1.2.3.jar:/Users/ankimitr/.m2/repository/ch/qos/logback/logback-core/1.2.3/logback-core-1.2.3.jar:/Users/ankimitr/.m2/repository/org/apache/logging/log4j/log4j-to-slf4j/2.12.1/log4j-to-slf4j-2.12.1.jar:/Users/ankimitr/.m2/repository/org/apache/logging/log4j/log4j-api/2.12.1/log4j-api-2.12.1.jar:/Users/ankimitr/.m2/repository/org/slf4j/jul-to-slf4j/1.7.30/jul-to-slf4j-1.7.30.jar:/Users/ankimitr/.m2/repository/jakarta/annotation/jakarta.annotation-api/1.3.5/jakarta.annotation-api-1.3.5.jar:/Users/ankimitr/.m2/repository/org/yaml/snakeyaml/1.25/snakeyaml-1.25.jar:/Users/ankimitr/.m2/repository/org/mongodb/mongodb-driver/3.11.2/mongodb-driver-3.11.2.jar:/Users/ankimitr/.m2/repository/org/mongodb/bson/3.11.2/bson-3.11.2.jar:/Users/ankimitr/.m2/repository/org/mongodb/mongodb-driver-core/3.11.2/mongodb-driver-core-3.11.2.jar:/Users/ankimitr/.m2/repository/org/springframework/data/spring-data-mongodb/2.2.4.RELEASE/spring-data-mongodb-2.2.4.RELEASE.jar:/Users/ankimitr/.m2/repository/org/springframework/spring-tx/5.2.3.RELEASE/spring-tx-5.2.3.RELEASE.jar:/Users/ankimitr/.m2/repository/org/springframework/spring-context/5.2.3.RELEASE/spring-context-5.2.3.RELEASE.jar:/Users/ankimitr/.m2/repository/org/springframework/spring-beans/5.2.3.RELEASE/spring-beans-5.2.3.RELEASE.jar:/Users/ankimitr/.m2/repository/org/springframework/spring-expression/5.2.3.RELEASE/spring-expression-5.2.3.RELEASE.jar:/Users/ankimitr/.m2/repository/org/springframework/data/spring-data-commons/2.2.4.RELEASE/spring-data-commons-2.2.4.RELEASE.jar:/Users/ankimitr/.m2/repository/org/slf4j/slf4j-api/1.7.30/slf4j-api-1.7.30.jar:/Users/ankimitr/.m2/repository/org/springframework/boot/spring-boot-starter-web/2.2.4.RELEASE/spring-boot-starter-web-2.2.4.RELEASE.jar:/Users/ankimitr/.m2/repository/org/springframework/boot/spring-boot-starter-json/2.2.4.RELEASE/spring-boot-starter-json-2.2.4.RELEASE.jar:/Users/ankimitr/.m2/repository/com/fasterxml/jackson/core/jackson-databind/2.10.2/jackson-databind-2.10.2.jar:/Users/ankimitr/.m2/repository/com/fasterxml/jackson/core/jackson-annotations/2.10.2/jackson-annotations-2.10.2.jar:/Users/ankimitr/.m2/repository/com/fasterxml/jackson/datatype/jackson-datatype-jdk8/2.10.2/jackson-datatype-jdk8-2.10.2.jar:/Users/ankimitr/.m2/repository/com/fasterxml/jackson/datatype/jackson-datatype-jsr310/2.10.2/jackson-datatype-jsr310-2.10.2.jar:/Users/ankimitr/.m2/repository/com/fasterxml/jackson/module/jackson-module-parameter-names/2.10.2/jackson-module-parameter-names-2.10.2.jar:/Users/ankimitr/.m2/repository/org/springframework/boot/spring-boot-starter-tomcat/2.2.4.RELEASE/spring-boot-starter-tomcat-2.2.4.RELEASE.jar:/Users/ankimitr/.m2/repository/org/apache/tomcat/embed/tomcat-embed-core/9.0.30/tomcat-embed-core-9.0.30.jar:/Users/ankimitr/.m2/repository/org/apache/tomcat/embed/tomcat-embed-el/9.0.30/tomcat-embed-el-9.0.30.jar:/Users/ankimitr/.m2/repository/org/apache/tomcat/embed/tomcat-embed-websocket/9.0.30/tomcat-embed-websocket-9.0.30.jar:/Users/ankimitr/.m2/repository/org/springframework/boot/spring-boot-starter-validation/2.2.4.RELEASE/spring-boot-starter-validation-2.2.4.RELEASE.jar:/Users/ankimitr/.m2/repository/jakarta/validation/jakarta.validation-api/2.0.2/jakarta.validation-api-2.0.2.jar:/Users/ankimitr/.m2/repository/org/hibernate/validator/hibernate-validator/6.0.18.Final/hibernate-validator-6.0.18.Final.jar:/Users/ankimitr/.m2/repository/org/jboss/logging/jboss-logging/3.4.1.Final/jboss-logging-3.4.1.Final.jar:/Users/ankimitr/.m2/repository/com/fasterxml/classmate/1.5.1/classmate-1.5.1.jar:/Users/ankimitr/.m2/repository/org/springframework/spring-web/5.2.3.RELEASE/spring-web-5.2.3.RELEASE.jar:/Users/ankimitr/.m2/repository/org/springframework/spring-webmvc/5.2.3.RELEASE/spring-webmvc-5.2.3.RELEASE.jar:/Users/ankimitr/.m2/repository/org/springframework/spring-aop/5.2.3.RELEASE/spring-aop-5.2.3.RELEASE.jar:/Users/ankimitr/.m2/repository/org/springframework/boot/spring-boot-starter-data-elasticsearch/2.2.4.RELEASE/spring-boot-starter-data-elasticsearch-2.2.4.RELEASE.jar:/Users/ankimitr/.m2/repository/org/springframework/data/spring-data-elasticsearch/3.2.4.RELEASE/spring-data-elasticsearch-3.2.4.RELEASE.jar:/Users/ankimitr/.m2/repository/joda-time/joda-time/2.10.5/joda-time-2.10.5.jar:/Users/ankimitr/.m2/repository/org/elasticsearch/client/transport/6.8.6/transport-6.8.6.jar:/Users/ankimitr/.m2/repository/org/elasticsearch/elasticsearch/6.8.6/elasticsearch-6.8.6.jar:/Users/ankimitr/.m2/repository/org/elasticsearch/elasticsearch-core/6.8.6/elasticsearch-core-6.8.6.jar:/Users/ankimitr/.m2/repository/org/elasticsearch/elasticsearch-secure-sm/6.8.6/elasticsearch-secure-sm-6.8.6.jar:/Users/ankimitr/.m2/repository/org/elasticsearch/elasticsearch-x-content/6.8.6/elasticsearch-x-content-6.8.6.jar:/Users/ankimitr/.m2/repository/com/fasterxml/jackson/dataformat/jackson-dataformat-smile/2.10.2/jackson-dataformat-smile-2.10.2.jar:/Users/ankimitr/.m2/repository/com/fasterxml/jackson/dataformat/jackson-dataformat-yaml/2.10.2/jackson-dataformat-yaml-2.10.2.jar:/Users/ankimitr/.m2/repository/com/fasterxml/jackson/dataformat/jackson-dataformat-cbor/2.10.2/jackson-dataformat-cbor-2.10.2.jar:/Users/ankimitr/.m2/repository/org/apache/lucene/lucene-core/7.7.2/lucene-core-7.7.2.jar:/Users/ankimitr/.m2/repository/org/apache/lucene/lucene-analyzers-common/7.7.2/lucene-analyzers-common-7.7.2.jar:/Users/ankimitr/.m2/repository/org/apache/lucene/lucene-backward-codecs/7.7.2/lucene-backward-codecs-7.7.2.jar:/Users/ankimitr/.m2/repository/org/apache/lucene/lucene-grouping/7.7.2/lucene-grouping-7.7.2.jar:/Users/ankimitr/.m2/repository/org/apache/lucene/lucene-highlighter/7.7.2/lucene-highlighter-7.7.2.jar:/Users/ankimitr/.m2/repository/org/apache/lucene/lucene-join/7.7.2/lucene-join-7.7.2.jar:/Users/ankimitr/.m2/repository/org/apache/lucene/lucene-memory/7.7.2/lucene-memory-7.7.2.jar:/Users/ankimitr/.m2/repository/org/apache/lucene/lucene-misc/7.7.2/lucene-misc-7.7.2.jar:/Users/ankimitr/.m2/repository/org/apache/lucene/lucene-queries/7.7.2/lucene-queries-7.7.2.jar:/Users/ankimitr/.m2/repository/org/apache/lucene/lucene-queryparser/7.7.2/lucene-queryparser-7.7.2.jar:/Users/ankimitr/.m2/repository/org/apache/lucene/lucene-sandbox/7.7.2/lucene-sandbox-7.7.2.jar:/Users/ankimitr/.m2/repository/org/apache/lucene/lucene-spatial/7.7.2/lucene-spatial-7.7.2.jar:/Users/ankimitr/.m2/repository/org/apache/lucene/lucene-spatial-extras/7.7.2/lucene-spatial-extras-7.7.2.jar:/Users/ankimitr/.m2/repository/org/apache/lucene/lucene-spatial3d/7.7.2/lucene-spatial3d-7.7.2.jar:/Users/ankimitr/.m2/repository/org/apache/lucene/lucene-suggest/7.7.2/lucene-suggest-7.7.2.jar:/Users/ankimitr/.m2/repository/org/elasticsearch/elasticsearch-cli/6.8.6/elasticsearch-cli-6.8.6.jar:/Users/ankimitr/.m2/repository/net/sf/jopt-simple/jopt-simple/5.0.2/jopt-simple-5.0.2.jar:/Users/ankimitr/.m2/repository/com/carrotsearch/hppc/0.7.1/hppc-0.7.1.jar:/Users/ankimitr/.m2/repository/com/tdunning/t-digest/3.2/t-digest-3.2.jar:/Users/ankimitr/.m2/repository/org/hdrhistogram/HdrHistogram/2.1.9/HdrHistogram-2.1.9.jar:/Users/ankimitr/.m2/repository/org/elasticsearch/jna/4.5.1/jna-4.5.1.jar:/Users/ankimitr/.m2/repository/org/elasticsearch/plugin/reindex-client/6.8.6/reindex-client-6.8.6.jar:/Users/ankimitr/.m2/repository/org/elasticsearch/elasticsearch-ssl-config/6.8.6/elasticsearch-ssl-config-6.8.6.jar:/Users/ankimitr/.m2/repository/org/elasticsearch/plugin/lang-mustache-client/6.8.6/lang-mustache-client-6.8.6.jar:/Users/ankimitr/.m2/repository/com/github/spullara/mustache/java/compiler/0.9.3/compiler-0.9.3.jar:/Users/ankimitr/.m2/repository/org/elasticsearch/plugin/percolator-client/6.8.6/percolator-client-6.8.6.jar:/Users/ankimitr/.m2/repository/org/elasticsearch/plugin/parent-join-client/6.8.6/parent-join-client-6.8.6.jar:/Users/ankimitr/.m2/repository/org/elasticsearch/plugin/rank-eval-client/6.8.6/rank-eval-client-6.8.6.jar:/Users/ankimitr/.m2/repository/org/elasticsearch/plugin/transport-netty4-client/6.8.6/transport-netty4-client-6.8.6.jar:/Users/ankimitr/.m2/repository/io/netty/netty-buffer/4.1.45.Final/netty-buffer-4.1.45.Final.jar:/Users/ankimitr/.m2/repository/io/netty/netty-codec/4.1.45.Final/netty-codec-4.1.45.Final.jar:/Users/ankimitr/.m2/repository/io/netty/netty-codec-http/4.1.45.Final/netty-codec-http-4.1.45.Final.jar:/Users/ankimitr/.m2/repository/io/netty/netty-common/4.1.45.Final/netty-common-4.1.45.Final.jar:/Users/ankimitr/.m2/repository/io/netty/netty-handler/4.1.45.Final/netty-handler-4.1.45.Final.jar:/Users/ankimitr/.m2/repository/io/netty/netty-resolver/4.1.45.Final/netty-resolver-4.1.45.Final.jar:/Users/ankimitr/.m2/repository/io/netty/netty-transport/4.1.45.Final/netty-transport-4.1.45.Final.jar:/Users/ankimitr/.m2/repository/org/elasticsearch/client/elasticsearch-rest-high-level-client/6.8.6/elasticsearch-rest-high-level-client-6.8.6.jar:/Users/ankimitr/.m2/repository/org/elasticsearch/client/elasticsearch-rest-client/6.8.6/elasticsearch-rest-client-6.8.6.jar:/Users/ankimitr/.m2/repository/org/apache/httpcomponents/httpclient/4.5.10/httpclient-4.5.10.jar:/Users/ankimitr/.m2/repository/org/apache/httpcomponents/httpcore/4.4.13/httpcore-4.4.13.jar:/Users/ankimitr/.m2/repository/org/apache/httpcomponents/httpasyncclient/4.1.4/httpasyncclient-4.1.4.jar:/Users/ankimitr/.m2/repository/org/apache/httpcomponents/httpcore-nio/4.4.13/httpcore-nio-4.4.13.jar:/Users/ankimitr/.m2/repository/commons-codec/commons-codec/1.13/commons-codec-1.13.jar:/Users/ankimitr/.m2/repository/org/elasticsearch/plugin/aggs-matrix-stats-client/6.8.6/aggs-matrix-stats-client-6.8.6.jar:/Users/ankimitr/.m2/repository/com/fasterxml/jackson/core/jackson-core/2.10.2/jackson-core-2.10.2.jar:/Users/ankimitr/.m2/repository/org/springframework/boot/spring-boot-starter-test/2.2.4.RELEASE/spring-boot-starter-test-2.2.4.RELEASE.jar:/Users/ankimitr/.m2/repository/org/springframework/boot/spring-boot-test/2.2.4.RELEASE/spring-boot-test-2.2.4.RELEASE.jar:/Users/ankimitr/.m2/repository/org/springframework/boot/spring-boot-test-autoconfigure/2.2.4.RELEASE/spring-boot-test-autoconfigure-2.2.4.RELEASE.jar:/Users/ankimitr/.m2/repository/com/jayway/jsonpath/json-path/2.4.0/json-path-2.4.0.jar:/Users/ankimitr/.m2/repository/net/minidev/json-smart/2.3/json-smart-2.3.jar:/Users/ankimitr/.m2/repository/net/minidev/accessors-smart/1.2/accessors-smart-1.2.jar:/Users/ankimitr/.m2/repository/org/ow2/asm/asm/5.0.4/asm-5.0.4.jar:/Users/ankimitr/.m2/repository/jakarta/xml/bind/jakarta.xml.bind-api/2.3.2/jakarta.xml.bind-api-2.3.2.jar:/Users/ankimitr/.m2/repository/jakarta/activation/jakarta.activation-api/1.2.1/jakarta.activation-api-1.2.1.jar:/Users/ankimitr/.m2/repository/org/junit/jupiter/junit-jupiter/5.5.2/junit-jupiter-5.5.2.jar:/Users/ankimitr/.m2/repository/org/junit/jupiter/junit-jupiter-api/5.5.2/junit-jupiter-api-5.5.2.jar:/Users/ankimitr/.m2/repository/org/apiguardian/apiguardian-api/1.1.0/apiguardian-api-1.1.0.jar:/Users/ankimitr/.m2/repository/org/opentest4j/opentest4j/1.2.0/opentest4j-1.2.0.jar:/Users/ankimitr/.m2/repository/org/junit/platform/junit-platform-commons/1.5.2/junit-platform-commons-1.5.2.jar:/Users/ankimitr/.m2/repository/org/junit/jupiter/junit-jupiter-params/5.5.2/junit-jupiter-params-5.5.2.jar:/Users/ankimitr/.m2/repository/org/junit/jupiter/junit-jupiter-engine/5.5.2/junit-jupiter-engine-5.5.2.jar:/Users/ankimitr/.m2/repository/org/junit/platform/junit-platform-engine/1.5.2/junit-platform-engine-1.5.2.jar:/Users/ankimitr/.m2/repository/org/mockito/mockito-junit-jupiter/3.1.0/mockito-junit-jupiter-3.1.0.jar:/Users/ankimitr/.m2/repository/org/assertj/assertj-core/3.13.2/assertj-core-3.13.2.jar:/Users/ankimitr/.m2/repository/org/hamcrest/hamcrest/2.1/hamcrest-2.1.jar:/Users/ankimitr/.m2/repository/org/mockito/mockito-core/3.1.0/mockito-core-3.1.0.jar:/Users/ankimitr/.m2/repository/net/bytebuddy/byte-buddy/1.10.6/byte-buddy-1.10.6.jar:/Users/ankimitr/.m2/repository/net/bytebuddy/byte-buddy-agent/1.10.6/byte-buddy-agent-1.10.6.jar:/Users/ankimitr/.m2/repository/org/objenesis/objenesis/2.6/objenesis-2.6.jar:/Users/ankimitr/.m2/repository/org/skyscreamer/jsonassert/1.5.0/jsonassert-1.5.0.jar:/Users/ankimitr/.m2/repository/com/vaadin/external/google/android-json/0.0.20131108.vaadin1/android-json-0.0.20131108.vaadin1.jar:/Users/ankimitr/.m2/repository/org/springframework/spring-core/5.2.3.RELEASE/spring-core-5.2.3.RELEASE.jar:/Users/ankimitr/.m2/repository/org/springframework/spring-jcl/5.2.3.RELEASE/spring-jcl-5.2.3.RELEASE.jar:/Users/ankimitr/.m2/repository/org/springframework/spring-test/5.2.3.RELEASE/spring-test-5.2.3.RELEASE.jar:/Users/ankimitr/.m2/repository/org/xmlunit/xmlunit-core/2.6.3/xmlunit-core-2.6.3.jar:"/>
    <property name="java.vm.vendor" value="Oracle Corporation"/>
    <property name="sun.arch.data.model" value="64"/>
    <property name="java.vendor.url" value="http://java.oracle.com/"/>
    <property name="user.timezone" value=""/>
    <property name="user.country.format" value="IN"/>
    <property name="java.vm.specification.version" value="1.8"/>
    <property name="os.name" value="Mac OS X"/>
    <property name="user.country" value="GB"/>
    <property name="sun.java.launcher" value="SUN_STANDARD"/>
    <property name="sun.boot.library.path" value="/Library/Java/JavaVirtualMachines/jdk1.8.0_211.jdk/Contents/Home/jre/lib"/>
    <property name="sun.java.command" value="/Users/ankimitr/Documents/WORK/Practice/spring-boot-data-mongodb/target/surefire/surefirebooter45564921142241191.jar /Users/ankimitr/Documents/WORK/Practice/spring-boot-data-mongodb/target/surefire 2020-11-05T17-49-22_232-jvmRun1 surefire2109224651444843574tmp surefire_02930632692443189555tmp"/>
    <property name="http.nonProxyHosts" value="local|*.local|169.254/16|*.169.254/16"/>
    <property name="surefire.test.class.path" value="/Users/ankimitr/Documents/WORK/Practice/spring-boot-data-mongodb/target/test-classes:/Users/ankimitr/Documents/WORK/Practice/spring-boot-data-mongodb/target/classes:/Users/ankimitr/.m2/repository/org/springframework/boot/spring-boot-starter-data-mongodb/2.2.4.RELEASE/spring-boot-starter-data-mongodb-2.2.4.RELEASE.jar:/Users/ankimitr/.m2/repository/org/springframework/boot/spring-boot-starter/2.2.4.RELEASE/spring-boot-starter-2.2.4.RELEASE.jar:/Users/ankimitr/.m2/repository/org/springframework/boot/spring-boot/2.2.4.RELEASE/spring-boot-2.2.4.RELEASE.jar:/Users/ankimitr/.m2/repository/org/springframework/boot/spring-boot-autoconfigure/2.2.4.RELEASE/spring-boot-autoconfigure-2.2.4.RELEASE.jar:/Users/ankimitr/.m2/repository/org/springframework/boot/spring-boot-starter-logging/2.2.4.RELEASE/spring-boot-starter-logging-2.2.4.RELEASE.jar:/Users/ankimitr/.m2/repository/ch/qos/logback/logback-classic/1.2.3/logback-classic-1.2.3.jar:/Users/ankimitr/.m2/repository/ch/qos/logback/logback-core/1.2.3/logback-core-1.2.3.jar:/Users/ankimitr/.m2/repository/org/apache/logging/log4j/log4j-to-slf4j/2.12.1/log4j-to-slf4j-2.12.1.jar:/Users/ankimitr/.m2/repository/org/apache/logging/log4j/log4j-api/2.12.1/log4j-api-2.12.1.jar:/Users/ankimitr/.m2/repository/org/slf4j/jul-to-slf4j/1.7.30/jul-to-slf4j-1.7.30.jar:/Users/ankimitr/.m2/repository/jakarta/annotation/jakarta.annotation-api/1.3.5/jakarta.annotation-api-1.3.5.jar:/Users/ankimitr/.m2/repository/org/yaml/snakeyaml/1.25/snakeyaml-1.25.jar:/Users/ankimitr/.m2/repository/org/mongodb/mongodb-driver/3.11.2/mongodb-driver-3.11.2.jar:/Users/ankimitr/.m2/repository/org/mongodb/bson/3.11.2/bson-3.11.2.jar:/Users/ankimitr/.m2/repository/org/mongodb/mongodb-driver-core/3.11.2/mongodb-driver-core-3.11.2.jar:/Users/ankimitr/.m2/repository/org/springframework/data/spring-data-mongodb/2.2.4.RELEASE/spring-data-mongodb-2.2.4.RELEASE.jar:/Users/ankimitr/.m2/repository/org/springframework/spring-tx/5.2.3.RELEASE/spring-tx-5.2.3.RELEASE.jar:/Users/ankimitr/.m2/repository/org/springframework/spring-context/5.2.3.RELEASE/spring-context-5.2.3.RELEASE.jar:/Users/ankimitr/.m2/repository/org/springframework/spring-beans/5.2.3.RELEASE/spring-beans-5.2.3.RELEASE.jar:/Users/ankimitr/.m2/repository/org/springframework/spring-expression/5.2.3.RELEASE/spring-expression-5.2.3.RELEASE.jar:/Users/ankimitr/.m2/repository/org/springframework/data/spring-data-commons/2.2.4.RELEASE/spring-data-commons-2.2.4.RELEASE.jar:/Users/ankimitr/.m2/repository/org/slf4j/slf4j-api/1.7.30/slf4j-api-1.7.30.jar:/Users/ankimitr/.m2/repository/org/springframework/boot/spring-boot-starter-web/2.2.4.RELEASE/spring-boot-starter-web-2.2.4.RELEASE.jar:/Users/ankimitr/.m2/repository/org/springframework/boot/spring-boot-starter-json/2.2.4.RELEASE/spring-boot-starter-json-2.2.4.RELEASE.jar:/Users/ankimitr/.m2/repository/com/fasterxml/jackson/core/jackson-databind/2.10.2/jackson-databind-2.10.2.jar:/Users/ankimitr/.m2/repository/com/fasterxml/jackson/core/jackson-annotations/2.10.2/jackson-annotations-2.10.2.jar:/Users/ankimitr/.m2/repository/com/fasterxml/jackson/datatype/jackson-datatype-jdk8/2.10.2/jackson-datatype-jdk8-2.10.2.jar:/Users/ankimitr/.m2/repository/com/fasterxml/jackson/datatype/jackson-datatype-jsr310/2.10.2/jackson-datatype-jsr310-2.10.2.jar:/Users/ankimitr/.m2/repository/com/fasterxml/jackson/module/jackson-module-parameter-names/2.10.2/jackson-module-parameter-names-2.10.2.jar:/Users/ankimitr/.m2/repository/org/springframework/boot/spring-boot-starter-tomcat/2.2.4.RELEASE/spring-boot-starter-tomcat-2.2.4.RELEASE.jar:/Users/ankimitr/.m2/repository/org/apache/tomcat/embed/tomcat-embed-core/9.0.30/tomcat-embed-core-9.0.30.jar:/Users/ankimitr/.m2/repository/org/apache/tomcat/embed/tomcat-embed-el/9.0.30/tomcat-embed-el-9.0.30.jar:/Users/ankimitr/.m2/repository/org/apache/tomcat/embed/tomcat-embed-websocket/9.0.30/tomcat-embed-websocket-9.0.30.jar:/Users/ankimitr/.m2/repository/org/springframework/boot/spring-boot-starter-validation/2.2.4.RELEASE/spring-boot-starter-validation-2.2.4.RELEASE.jar:/Users/ankimitr/.m2/repository/jakarta/validation/jakarta.validation-api/2.0.2/jakarta.validation-api-2.0.2.jar:/Users/ankimitr/.m2/repository/org/hibernate/validator/hibernate-validator/6.0.18.Final/hibernate-validator-6.0.18.Final.jar:/Users/ankimitr/.m2/repository/org/jboss/logging/jboss-logging/3.4.1.Final/jboss-logging-3.4.1.Final.jar:/Users/ankimitr/.m2/repository/com/fasterxml/classmate/1.5.1/classmate-1.5.1.jar:/Users/ankimitr/.m2/repository/org/springframework/spring-web/5.2.3.RELEASE/spring-web-5.2.3.RELEASE.jar:/Users/ankimitr/.m2/repository/org/springframework/spring-webmvc/5.2.3.RELEASE/spring-webmvc-5.2.3.RELEASE.jar:/Users/ankimitr/.m2/repository/org/springframework/spring-aop/5.2.3.RELEASE/spring-aop-5.2.3.RELEASE.jar:/Users/ankimitr/.m2/repository/org/springframework/boot/spring-boot-starter-data-elasticsearch/2.2.4.RELEASE/spring-boot-starter-data-elasticsearch-2.2.4.RELEASE.jar:/Users/ankimitr/.m2/repository/org/springframework/data/spring-data-elasticsearch/3.2.4.RELEASE/spring-data-elasticsearch-3.2.4.RELEASE.jar:/Users/ankimitr/.m2/repository/joda-time/joda-time/2.10.5/joda-time-2.10.5.jar:/Users/ankimitr/.m2/repository/org/elasticsearch/client/transport/6.8.6/transport-6.8.6.jar:/Users/ankimitr/.m2/repository/org/elasticsearch/elasticsearch/6.8.6/elasticsearch-6.8.6.jar:/Users/ankimitr/.m2/repository/org/elasticsearch/elasticsearch-core/6.8.6/elasticsearch-core-6.8.6.jar:/Users/ankimitr/.m2/repository/org/elasticsearch/elasticsearch-secure-sm/6.8.6/elasticsearch-secure-sm-6.8.6.jar:/Users/ankimitr/.m2/repository/org/elasticsearch/elasticsearch-x-content/6.8.6/elasticsearch-x-content-6.8.6.jar:/Users/ankimitr/.m2/repository/com/fasterxml/jackson/dataformat/jackson-dataformat-smile/2.10.2/jackson-dataformat-smile-2.10.2.jar:/Users/ankimitr/.m2/repository/com/fasterxml/jackson/dataformat/jackson-dataformat-yaml/2.10.2/jackson-dataformat-yaml-2.10.2.jar:/Users/ankimitr/.m2/repository/com/fasterxml/jackson/dataformat/jackson-dataformat-cbor/2.10.2/jackson-dataformat-cbor-2.10.2.jar:/Users/ankimitr/.m2/repository/org/apache/lucene/lucene-core/7.7.2/lucene-core-7.7.2.jar:/Users/ankimitr/.m2/repository/org/apache/lucene/lucene-analyzers-common/7.7.2/lucene-analyzers-common-7.7.2.jar:/Users/ankimitr/.m2/repository/org/apache/lucene/lucene-backward-codecs/7.7.2/lucene-backward-codecs-7.7.2.jar:/Users/ankimitr/.m2/repository/org/apache/lucene/lucene-grouping/7.7.2/lucene-grouping-7.7.2.jar:/Users/ankimitr/.m2/repository/org/apache/lucene/lucene-highlighter/7.7.2/lucene-highlighter-7.7.2.jar:/Users/ankimitr/.m2/repository/org/apache/lucene/lucene-join/7.7.2/lucene-join-7.7.2.jar:/Users/ankimitr/.m2/repository/org/apache/lucene/lucene-memory/7.7.2/lucene-memory-7.7.2.jar:/Users/ankimitr/.m2/repository/org/apache/lucene/lucene-misc/7.7.2/lucene-misc-7.7.2.jar:/Users/ankimitr/.m2/repository/org/apache/lucene/lucene-queries/7.7.2/lucene-queries-7.7.2.jar:/Users/ankimitr/.m2/repository/org/apache/lucene/lucene-queryparser/7.7.2/lucene-queryparser-7.7.2.jar:/Users/ankimitr/.m2/repository/org/apache/lucene/lucene-sandbox/7.7.2/lucene-sandbox-7.7.2.jar:/Users/ankimitr/.m2/repository/org/apache/lucene/lucene-spatial/7.7.2/lucene-spatial-7.7.2.jar:/Users/ankimitr/.m2/repository/org/apache/lucene/lucene-spatial-extras/7.7.2/lucene-spatial-extras-7.7.2.jar:/Users/ankimitr/.m2/repository/org/apache/lucene/lucene-spatial3d/7.7.2/lucene-spatial3d-7.7.2.jar:/Users/ankimitr/.m2/repository/org/apache/lucene/lucene-suggest/7.7.2/lucene-suggest-7.7.2.jar:/Users/ankimitr/.m2/repository/org/elasticsearch/elasticsearch-cli/6.8.6/elasticsearch-cli-6.8.6.jar:/Users/ankimitr/.m2/repository/net/sf/jopt-simple/jopt-simple/5.0.2/jopt-simple-5.0.2.jar:/Users/ankimitr/.m2/repository/com/carrotsearch/hppc/0.7.1/hppc-0.7.1.jar:/Users/ankimitr/.m2/repository/com/tdunning/t-digest/3.2/t-digest-3.2.jar:/Users/ankimitr/.m2/repository/org/hdrhistogram/HdrHistogram/2.1.9/HdrHistogram-2.1.9.jar:/Users/ankimitr/.m2/repository/org/elasticsearch/jna/4.5.1/jna-4.5.1.jar:/Users/ankimitr/.m2/repository/org/elasticsearch/plugin/reindex-client/6.8.6/reindex-client-6.8.6.jar:/Users/ankimitr/.m2/repository/org/elasticsearch/elasticsearch-ssl-config/6.8.6/elasticsearch-ssl-config-6.8.6.jar:/Users/ankimitr/.m2/repository/org/elasticsearch/plugin/lang-mustache-client/6.8.6/lang-mustache-client-6.8.6.jar:/Users/ankimitr/.m2/repository/com/github/spullara/mustache/java/compiler/0.9.3/compiler-0.9.3.jar:/Users/ankimitr/.m2/repository/org/elasticsearch/plugin/percolator-client/6.8.6/percolator-client-6.8.6.jar:/Users/ankimitr/.m2/repository/org/elasticsearch/plugin/parent-join-client/6.8.6/parent-join-client-6.8.6.jar:/Users/ankimitr/.m2/repository/org/elasticsearch/plugin/rank-eval-client/6.8.6/rank-eval-client-6.8.6.jar:/Users/ankimitr/.m2/repository/org/elasticsearch/plugin/transport-netty4-client/6.8.6/transport-netty4-client-6.8.6.jar:/Users/ankimitr/.m2/repository/io/netty/netty-buffer/4.1.45.Final/netty-buffer-4.1.45.Final.jar:/Users/ankimitr/.m2/repository/io/netty/netty-codec/4.1.45.Final/netty-codec-4.1.45.Final.jar:/Users/ankimitr/.m2/repository/io/netty/netty-codec-http/4.1.45.Final/netty-codec-http-4.1.45.Final.jar:/Users/ankimitr/.m2/repository/io/netty/netty-common/4.1.45.Final/netty-common-4.1.45.Final.jar:/Users/ankimitr/.m2/repository/io/netty/netty-handler/4.1.45.Final/netty-handler-4.1.45.Final.jar:/Users/ankimitr/.m2/repository/io/netty/netty-resolver/4.1.45.Final/netty-resolver-4.1.45.Final.jar:/Users/ankimitr/.m2/repository/io/netty/netty-transport/4.1.45.Final/netty-transport-4.1.45.Final.jar:/Users/ankimitr/.m2/repository/org/elasticsearch/client/elasticsearch-rest-high-level-client/6.8.6/elasticsearch-rest-high-level-client-6.8.6.jar:/Users/ankimitr/.m2/repository/org/elasticsearch/client/elasticsearch-rest-client/6.8.6/elasticsearch-rest-client-6.8.6.jar:/Users/ankimitr/.m2/repository/org/apache/httpcomponents/httpclient/4.5.10/httpclient-4.5.10.jar:/Users/ankimitr/.m2/repository/org/apache/httpcomponents/httpcore/4.4.13/httpcore-4.4.13.jar:/Users/ankimitr/.m2/repository/org/apache/httpcomponents/httpasyncclient/4.1.4/httpasyncclient-4.1.4.jar:/Users/ankimitr/.m2/repository/org/apache/httpcomponents/httpcore-nio/4.4.13/httpcore-nio-4.4.13.jar:/Users/ankimitr/.m2/repository/commons-codec/commons-codec/1.13/commons-codec-1.13.jar:/Users/ankimitr/.m2/repository/org/elasticsearch/plugin/aggs-matrix-stats-client/6.8.6/aggs-matrix-stats-client-6.8.6.jar:/Users/ankimitr/.m2/repository/com/fasterxml/jackson/core/jackson-core/2.10.2/jackson-core-2.10.2.jar:/Users/ankimitr/.m2/repository/org/springframework/boot/spring-boot-starter-test/2.2.4.RELEASE/spring-boot-starter-test-2.2.4.RELEASE.jar:/Users/ankimitr/.m2/repository/org/springframework/boot/spring-boot-test/2.2.4.RELEASE/spring-boot-test-2.2.4.RELEASE.jar:/Users/ankimitr/.m2/repository/org/springframework/boot/spring-boot-test-autoconfigure/2.2.4.RELEASE/spring-boot-test-autoconfigure-2.2.4.RELEASE.jar:/Users/ankimitr/.m2/repository/com/jayway/jsonpath/json-path/2.4.0/json-path-2.4.0.jar:/Users/ankimitr/.m2/repository/net/minidev/json-smart/2.3/json-smart-2.3.jar:/Users/ankimitr/.m2/repository/net/minidev/accessors-smart/1.2/accessors-smart-1.2.jar:/Users/ankimitr/.m2/repository/org/ow2/asm/asm/5.0.4/asm-5.0.4.jar:/Users/ankimitr/.m2/repository/jakarta/xml/bind/jakarta.xml.bind-api/2.3.2/jakarta.xml.bind-api-2.3.2.jar:/Users/ankimitr/.m2/repository/jakarta/activation/jakarta.activation-api/1.2.1/jakarta.activation-api-1.2.1.jar:/Users/ankimitr/.m2/repository/org/junit/jupiter/junit-jupiter/5.5.2/junit-jupiter-5.5.2.jar:/Users/ankimitr/.m2/repository/org/junit/jupiter/junit-jupiter-api/5.5.2/junit-jupiter-api-5.5.2.jar:/Users/ankimitr/.m2/repository/org/apiguardian/apiguardian-api/1.1.0/apiguardian-api-1.1.0.jar:/Users/ankimitr/.m2/repository/org/opentest4j/opentest4j/1.2.0/opentest4j-1.2.0.jar:/Users/ankimitr/.m2/repository/org/junit/platform/junit-platform-commons/1.5.2/junit-platform-commons-1.5.2.jar:/Users/ankimitr/.m2/repository/org/junit/jupiter/junit-jupiter-params/5.5.2/junit-jupiter-params-5.5.2.jar:/Users/ankimitr/.m2/repository/org/junit/jupiter/junit-jupiter-engine/5.5.2/junit-jupiter-engine-5.5.2.jar:/Users/ankimitr/.m2/repository/org/junit/platform/junit-platform-engine/1.5.2/junit-platform-engine-1.5.2.jar:/Users/ankimitr/.m2/repository/org/mockito/mockito-junit-jupiter/3.1.0/mockito-junit-jupiter-3.1.0.jar:/Users/ankimitr/.m2/repository/org/assertj/assertj-core/3.13.2/assertj-core-3.13.2.jar:/Users/ankimitr/.m2/repository/org/hamcrest/hamcrest/2.1/hamcrest-2.1.jar:/Users/ankimitr/.m2/repository/org/mockito/mockito-core/3.1.0/mockito-core-3.1.0.jar:/Users/ankimitr/.m2/repository/net/bytebuddy/byte-buddy/1.10.6/byte-buddy-1.10.6.jar:/Users/ankimitr/.m2/repository/net/bytebuddy/byte-buddy-agent/1.10.6/byte-buddy-agent-1.10.6.jar:/Users/ankimitr/.m2/repository/org/objenesis/objenesis/2.6/objenesis-2.6.jar:/Users/ankimitr/.m2/repository/org/skyscreamer/jsonassert/1.5.0/jsonassert-1.5.0.jar:/Users/ankimitr/.m2/repository/com/vaadin/external/google/android-json/0.0.20131108.vaadin1/android-json-0.0.20131108.vaadin1.jar:/Users/ankimitr/.m2/repository/org/springframework/spring-core/5.2.3.RELEASE/spring-core-5.2.3.RELEASE.jar:/Users/ankimitr/.m2/repository/org/springframework/spring-jcl/5.2.3.RELEASE/spring-jcl-5.2.3.RELEASE.jar:/Users/ankimitr/.m2/repository/org/springframework/spring-test/5.2.3.RELEASE/spring-test-5.2.3.RELEASE.jar:/Users/ankimitr/.m2/repository/org/xmlunit/xmlunit-core/2.6.3/xmlunit-core-2.6.3.jar:"/>
    <property name="sun.cpu.endian" value="little"/>
    <property name="user.home" value="/Users/ankimitr"/>
    <property name="user.language" value="en"/>
    <property name="java.specification.vendor" value="Oracle Corporation"/>
    <property name="java.home" value="/Library/Java/JavaVirtualMachines/jdk1.8.0_211.jdk/Contents/Home/jre"/>
    <property name="basedir" value="/Users/ankimitr/Documents/WORK/Practice/spring-boot-data-mongodb"/>
    <property name="file.separator" value="/"/>
    <property name="line.separator" value="&#10;"/>
    <property name="java.vm.specification.vendor" value="Oracle Corporation"/>
    <property name="java.specification.name" value="Java Platform API Specification"/>
    <property name="java.awt.graphicsenv" value="sun.awt.CGraphicsEnvironment"/>
    <property name="surefire.real.class.path" value="/Users/ankimitr/Documents/WORK/Practice/spring-boot-data-mongodb/target/surefire/surefirebooter45564921142241191.jar"/>
    <property name="sun.boot.class.path" value="/Library/Java/JavaVirtualMachines/jdk1.8.0_211.jdk/Contents/Home/jre/lib/resources.jar:/Library/Java/JavaVirtualMachines/jdk1.8.0_211.jdk/Contents/Home/jre/lib/rt.jar:/Library/Java/JavaVirtualMachines/jdk1.8.0_211.jdk/Contents/Home/jre/lib/sunrsasign.jar:/Library/Java/JavaVirtualMachines/jdk1.8.0_211.jdk/Contents/Home/jre/lib/jsse.jar:/Library/Java/JavaVirtualMachines/jdk1.8.0_211.jdk/Contents/Home/jre/lib/jce.jar:/Library/Java/JavaVirtualMachines/jdk1.8.0_211.jdk/Contents/Home/jre/lib/charsets.jar:/Library/Java/JavaVirtualMachines/jdk1.8.0_211.jdk/Contents/Home/jre/lib/jfr.jar:/Library/Java/JavaVirtualMachines/jdk1.8.0_211.jdk/Contents/Home/jre/classes"/>
    <property name="sun.management.compiler" value="HotSpot 64-Bit Tiered Compilers"/>
    <property name="ftp.nonProxyHosts" value="local|*.local|169.254/16|*.169.254/16"/>
    <property name="java.runtime.version" value="1.8.0_211-b12"/>
    <property name="user.name" value="ankimitr"/>
    <property name="path.separator" value=":"/>
    <property name="os.version" value="10.14.6"/>
    <property name="java.endorsed.dirs" value="/Library/Java/JavaVirtualMachines/jdk1.8.0_211.jdk/Contents/Home/jre/lib/endorsed"/>
    <property name="java.runtime.name" value="Java(TM) SE Runtime Environment"/>
    <property name="file.encoding" value="UTF-8"/>
    <property name="java.vm.name" value="Java HotSpot(TM) 64-Bit Server VM"/>
    <property name="localRepository" value="/Users/ankimitr/.m2/repository"/>
    <property name="java.vendor.url.bug" value="http://bugreport.sun.com/bugreport/"/>
    <property name="java.io.tmpdir" value="/var/folders/bv/cl9rjnyj7cq5s_3xc24642dc0000gn/T/"/>
    <property name="java.version" value="1.8.0_211"/>
    <property name="user.dir" value="/Users/ankimitr/Documents/WORK/Practice/spring-boot-data-mongodb"/>
    <property name="os.arch" value="x86_64"/>
    <property name="java.vm.specification.name" value="Java Virtual Machine Specification"/>
    <property name="java.awt.printerjob" value="sun.lwawt.macosx.CPrinterJob"/>
    <property name="sun.os.patch.level" value="unknown"/>
    <property name="java.library.path" value="/Users/ankimitr/Library/Java/Extensions:/Library/Java/Extensions:/Network/Library/Java/Extensions:/System/Library/Java/Extensions:/usr/lib/java:."/>
    <property name="java.vm.info" value="mixed mode"/>
    <property name="java.vendor" value="Oracle Corporation"/>
    <property name="java.vm.version" value="25.211-b12"/>
    <property name="java.ext.dirs" value="/Users/ankimitr/Library/Java/Extensions:/Library/Java/JavaVirtualMachines/jdk1.8.0_211.jdk/Contents/Home/jre/lib/ext:/Library/Java/Extensions:/Network/Library/Java/Extensions:/System/Library/Java/Extensions:/usr/lib/java"/>
    <property name="sun.io.unicode.encoding" value="UnicodeBig"/>
    <property name="java.class.version" value="52.0"/>
    <property name="socksNonProxyHosts" value="local|*.local|169.254/16|*.169.254/16"/>
  </properties>
  <testcase name="com.bezkoder.spring.data.mongodb.SpringBootDataMongodbApplicationTests" classname="com.bezkoder.spring.data.mongodb.SpringBootDataMongodbApplicationTests" time="0.432">
    <error message="Unable to find a @SpringBootConfiguration, you need to use @ContextConfiguration or @SpringBootTest(classes=...) with your test" type="java.lang.IllegalStateException">java.lang.IllegalStateException: Unable to find a @SpringBootConfiguration, you need to use @ContextConfiguration or @SpringBootTest(classes=...) with your test
</error>
    <system-out><![CDATA[17:49:23.090 [main] DEBUG org.springframework.test.context.BootstrapUtils - Instantiating CacheAwareContextLoaderDelegate from class [org.springframework.test.context.cache.DefaultCacheAwareContextLoaderDelegate]
17:49:23.108 [main] DEBUG org.springframework.test.context.BootstrapUtils - Instantiating BootstrapContext using constructor [public org.springframework.test.context.support.DefaultBootstrapContext(java.lang.Class,org.springframework.test.context.CacheAwareContextLoaderDelegate)]
17:49:23.166 [main] DEBUG org.springframework.test.context.BootstrapUtils - Instantiating TestContextBootstrapper for test class [com.bezkoder.spring.data.mongodb.SpringBootDataMongodbApplicationTests] from class [org.springframework.boot.test.context.SpringBootTestContextBootstrapper]
17:49:23.197 [main] INFO org.springframework.boot.test.context.SpringBootTestContextBootstrapper - Neither @ContextConfiguration nor @ContextHierarchy found for test class [com.bezkoder.spring.data.mongodb.SpringBootDataMongodbApplicationTests], using SpringBootContextLoader
17:49:23.205 [main] DEBUG org.springframework.test.context.support.AbstractContextLoader - Did not detect default resource location for test class [com.bezkoder.spring.data.mongodb.SpringBootDataMongodbApplicationTests]: class path resource [com/bezkoder/spring/data/mongodb/SpringBootDataMongodbApplicationTests-context.xml] does not exist
17:49:23.206 [main] DEBUG org.springframework.test.context.support.AbstractContextLoader - Did not detect default resource location for test class [com.bezkoder.spring.data.mongodb.SpringBootDataMongodbApplicationTests]: class path resource [com/bezkoder/spring/data/mongodb/SpringBootDataMongodbApplicationTestsContext.groovy] does not exist
17:49:23.206 [main] INFO org.springframework.test.context.support.AbstractContextLoader - Could not detect default resource locations for test class [com.bezkoder.spring.data.mongodb.SpringBootDataMongodbApplicationTests]: no resource found for suffixes {-context.xml, Context.groovy}.
17:49:23.207 [main] INFO org.springframework.test.context.support.AnnotationConfigContextLoaderUtils - Could not detect default configuration classes for test class [com.bezkoder.spring.data.mongodb.SpringBootDataMongodbApplicationTests]: SpringBootDataMongodbApplicationTests does not declare any static, non-private, non-final, nested classes annotated with @Configuration.
17:49:23.272 [main] DEBUG org.springframework.test.context.support.ActiveProfilesUtils - Could not find an 'annotation declaring class' for annotation type [org.springframework.test.context.ActiveProfiles] and class [com.bezkoder.spring.data.mongodb.SpringBootDataMongodbApplicationTests]
17:49:23.379 [main] DEBUG org.springframework.test.context.BootstrapUtils - Instantiating CacheAwareContextLoaderDelegate from class [org.springframework.test.context.cache.DefaultCacheAwareContextLoaderDelegate]
17:49:23.379 [main] DEBUG org.springframework.test.context.BootstrapUtils - Instantiating BootstrapContext using constructor [public org.springframework.test.context.support.DefaultBootstrapContext(java.lang.Class,org.springframework.test.context.CacheAwareContextLoaderDelegate)]
17:49:23.380 [main] DEBUG org.springframework.test.context.BootstrapUtils - Instantiating TestContextBootstrapper for test class [com.bezkoder.spring.data.mongodb.SpringBootDataMongodbApplicationTests] from class [org.springframework.boot.test.context.SpringBootTestContextBootstrapper]
17:49:23.381 [main] INFO org.springframework.boot.test.context.SpringBootTestContextBootstrapper - Neither @ContextConfiguration nor @ContextHierarchy found for test class [com.bezkoder.spring.data.mongodb.SpringBootDataMongodbApplicationTests], using SpringBootContextLoader
17:49:23.381 [main] DEBUG org.springframework.test.context.support.AbstractContextLoader - Did not detect default resource location for test class [com.bezkoder.spring.data.mongodb.SpringBootDataMongodbApplicationTests]: class path resource [com/bezkoder/spring/data/mongodb/SpringBootDataMongodbApplicationTests-context.xml] does not exist
17:49:23.381 [main] DEBUG org.springframework.test.context.support.AbstractContextLoader - Did not detect default resource location for test class [com.bezkoder.spring.data.mongodb.SpringBootDataMongodbApplicationTests]: class path resource [com/bezkoder/spring/data/mongodb/SpringBootDataMongodbApplicationTestsContext.groovy] does not exist
17:49:23.382 [main] INFO org.springframework.test.context.support.AbstractContextLoader - Could not detect default resource locations for test class [com.bezkoder.spring.data.mongodb.SpringBootDataMongodbApplicationTests]: no resource found for suffixes {-context.xml, Context.groovy}.
17:49:23.382 [main] INFO org.springframework.test.context.support.AnnotationConfigContextLoaderUtils - Could not detect default configuration classes for test class [com.bezkoder.spring.data.mongodb.SpringBootDataMongodbApplicationTests]: SpringBootDataMongodbApplicationTests does not declare any static, non-private, non-final, nested classes annotated with @Configuration.
17:49:23.383 [main] DEBUG org.springframework.test.context.support.ActiveProfilesUtils - Could not find an 'annotation declaring class' for annotation type [org.springframework.test.context.ActiveProfiles] and class [com.bezkoder.spring.data.mongodb.SpringBootDataMongodbApplicationTests]
17:49:23.402 [main] DEBUG org.springframework.test.context.BootstrapUtils - Instantiating CacheAwareContextLoaderDelegate from class [org.springframework.test.context.cache.DefaultCacheAwareContextLoaderDelegate]
17:49:23.402 [main] DEBUG org.springframework.test.context.BootstrapUtils - Instantiating BootstrapContext using constructor [public org.springframework.test.context.support.DefaultBootstrapContext(java.lang.Class,org.springframework.test.context.CacheAwareContextLoaderDelegate)]
17:49:23.403 [main] DEBUG org.springframework.test.context.BootstrapUtils - Instantiating TestContextBootstrapper for test class [com.bezkoder.spring.data.mongodb.SpringBootDataMongodbApplicationTests] from class [org.springframework.boot.test.context.SpringBootTestContextBootstrapper]
17:49:23.404 [main] INFO org.springframework.boot.test.context.SpringBootTestContextBootstrapper - Neither @ContextConfiguration nor @ContextHierarchy found for test class [com.bezkoder.spring.data.mongodb.SpringBootDataMongodbApplicationTests], using SpringBootContextLoader
17:49:23.405 [main] DEBUG org.springframework.test.context.support.AbstractContextLoader - Did not detect default resource location for test class [com.bezkoder.spring.data.mongodb.SpringBootDataMongodbApplicationTests]: class path resource [com/bezkoder/spring/data/mongodb/SpringBootDataMongodbApplicationTests-context.xml] does not exist
17:49:23.405 [main] DEBUG org.springframework.test.context.support.AbstractContextLoader - Did not detect default resource location for test class [com.bezkoder.spring.data.mongodb.SpringBootDataMongodbApplicationTests]: class path resource [com/bezkoder/spring/data/mongodb/SpringBootDataMongodbApplicationTestsContext.groovy] does not exist
17:49:23.405 [main] INFO org.springframework.test.context.support.AbstractContextLoader - Could not detect default resource locations for test class [com.bezkoder.spring.data.mongodb.SpringBootDataMongodbApplicationTests]: no resource found for suffixes {-context.xml, Context.groovy}.
17:49:23.405 [main] INFO org.springframework.test.context.support.AnnotationConfigContextLoaderUtils - Could not detect default configuration classes for test class [com.bezkoder.spring.data.mongodb.SpringBootDataMongodbApplicationTests]: SpringBootDataMongodbApplicationTests does not declare any static, non-private, non-final, nested classes annotated with @Configuration.
17:49:23.407 [main] DEBUG org.springframework.test.context.support.ActiveProfilesUtils - Could not find an 'annotation declaring class' for annotation type [org.springframework.test.context.ActiveProfiles] and class [com.bezkoder.spring.data.mongodb.SpringBootDataMongodbApplicationTests]
]]></system-out>
  </testcase>
</testsuite>